<?xml version="1.0" encoding="UTF-8"?>
<testsuite name="hello.AppTest" tests="1" skipped="0" failures="0" errors="0" timestamp="2020-03-07T18:27:05" hostname="MBP" time="0.095">
  <properties/>
  <testcase name="helloGradle" classname="hello.AppTest" time="0.095"/>
  <system-out><![CDATA[11:27:02.800 [Test worker] DEBUG org.springframework.test.context.junit4.SpringJUnit4ClassRunner - SpringJUnit4ClassRunner constructor called with [class hello.AppTest]
11:27:02.810 [Test worker] DEBUG org.springframework.test.context.BootstrapUtils - Instantiating CacheAwareContextLoaderDelegate from class [org.springframework.test.context.cache.DefaultCacheAwareContextLoaderDelegate]
11:27:02.820 [Test worker] DEBUG org.springframework.test.context.BootstrapUtils - Instantiating BootstrapContext using constructor [public org.springframework.test.context.support.DefaultBootstrapContext(java.lang.Class,org.springframework.test.context.CacheAwareContextLoaderDelegate)]
11:27:02.848 [Test worker] DEBUG org.springframework.test.context.BootstrapUtils - Instantiating TestContextBootstrapper for test class [hello.AppTest] from class [org.springframework.boot.test.context.SpringBootTestContextBootstrapper]
11:27:02.860 [Test worker] INFO org.springframework.boot.test.context.SpringBootTestContextBootstrapper - Neither @ContextConfiguration nor @ContextHierarchy found for test class [hello.AppTest], using SpringBootContextLoader
11:27:02.863 [Test worker] DEBUG org.springframework.test.context.support.AbstractContextLoader - Did not detect default resource location for test class [hello.AppTest]: class path resource [hello/AppTest-context.xml] does not exist
11:27:02.864 [Test worker] DEBUG org.springframework.test.context.support.AbstractContextLoader - Did not detect default resource location for test class [hello.AppTest]: class path resource [hello/AppTestContext.groovy] does not exist
11:27:02.865 [Test worker] INFO org.springframework.test.context.support.AbstractContextLoader - Could not detect default resource locations for test class [hello.AppTest]: no resource found for suffixes {-context.xml, Context.groovy}.
11:27:02.936 [Test worker] DEBUG org.springframework.test.context.support.ActiveProfilesUtils - Could not find an 'annotation declaring class' for annotation type [org.springframework.test.context.ActiveProfiles] and class [hello.AppTest]
11:27:03.091 [Test worker] DEBUG org.springframework.boot.test.context.SpringBootTestContextBootstrapper - @TestExecutionListeners is not present for class [hello.AppTest]: using defaults.
11:27:03.092 [Test worker] INFO org.springframework.boot.test.context.SpringBootTestContextBootstrapper - Loaded default TestExecutionListener class names from location [META-INF/spring.factories]: [org.springframework.boot.test.autoconfigure.restdocs.RestDocsTestExecutionListener, org.springframework.boot.test.autoconfigure.web.client.MockRestServiceServerResetTestExecutionListener, org.springframework.boot.test.autoconfigure.web.servlet.MockMvcPrintOnlyOnFailureTestExecutionListener, org.springframework.boot.test.autoconfigure.web.servlet.WebDriverTestExecutionListener, org.springframework.boot.test.mock.mockito.MockitoTestExecutionListener, org.springframework.boot.test.mock.mockito.ResetMocksTestExecutionListener, org.springframework.test.context.web.ServletTestExecutionListener, org.springframework.test.context.support.DirtiesContextBeforeModesTestExecutionListener, org.springframework.test.context.support.DependencyInjectionTestExecutionListener, org.springframework.test.context.support.DirtiesContextTestExecutionListener, org.springframework.test.context.transaction.TransactionalTestExecutionListener, org.springframework.test.context.jdbc.SqlScriptsTestExecutionListener]
11:27:03.114 [Test worker] DEBUG org.springframework.boot.test.context.SpringBootTestContextBootstrapper - Skipping candidate TestExecutionListener [org.springframework.test.context.transaction.TransactionalTestExecutionListener] due to a missing dependency. Specify custom listener classes or make the default listener classes and their required dependencies available. Offending class: [org.springframework.transaction.interceptor.TransactionAttributeSource]
11:27:03.116 [Test worker] DEBUG org.springframework.boot.test.context.SpringBootTestContextBootstrapper - Skipping candidate TestExecutionListener [org.springframework.test.context.jdbc.SqlScriptsTestExecutionListener] due to a missing dependency. Specify custom listener classes or make the default listener classes and their required dependencies available. Offending class: [org.springframework.transaction.interceptor.TransactionAttribute]
11:27:03.116 [Test worker] INFO org.springframework.boot.test.context.SpringBootTestContextBootstrapper - Using TestExecutionListeners: [org.springframework.test.context.web.ServletTestExecutionListener@49c39e7a, org.springframework.test.context.support.DirtiesContextBeforeModesTestExecutionListener@4453dbb7, org.springframework.boot.test.mock.mockito.MockitoTestExecutionListener@2c5345ac, org.springframework.boot.test.autoconfigure.SpringBootDependencyInjectionTestExecutionListener@331efef7, org.springframework.test.context.support.DirtiesContextTestExecutionListener@5508f707, org.springframework.boot.test.autoconfigure.restdocs.RestDocsTestExecutionListener@7787e59f, org.springframework.boot.test.autoconfigure.web.client.MockRestServiceServerResetTestExecutionListener@9ff230f1, org.springframework.boot.test.autoconfigure.web.servlet.MockMvcPrintOnlyOnFailureTestExecutionListener@6a21da31, org.springframework.boot.test.autoconfigure.web.servlet.WebDriverTestExecutionListener@4f14a27, org.springframework.boot.test.mock.mockito.ResetMocksTestExecutionListener@3be62829]
11:27:03.120 [Test worker] DEBUG org.springframework.test.annotation.ProfileValueUtils - Retrieved @ProfileValueSourceConfiguration [null] for test class [hello.AppTest]
11:27:03.121 [Test worker] DEBUG org.springframework.test.annotation.ProfileValueUtils - Retrieved ProfileValueSource type [class org.springframework.test.annotation.SystemProfileValueSource] for class [hello.AppTest]
11:27:03.122 [Test worker] DEBUG org.springframework.test.annotation.ProfileValueUtils - Retrieved @ProfileValueSourceConfiguration [null] for test class [hello.AppTest]
11:27:03.122 [Test worker] DEBUG org.springframework.test.annotation.ProfileValueUtils - Retrieved ProfileValueSource type [class org.springframework.test.annotation.SystemProfileValueSource] for class [hello.AppTest]
11:27:03.129 [Test worker] DEBUG org.springframework.test.context.support.AbstractDirtiesContextTestExecutionListener - Before test class: context [DefaultTestContext@7d6f51dc testClass = AppTest, testInstance = [null], testMethod = [null], testException = [null], mergedContextConfiguration = [WebMergedContextConfiguration@e933a65b testClass = AppTest, locations = '{}', classes = '{class hello.App, class hello.App}', contextInitializerClasses = '[]', activeProfiles = '{}', propertySourceLocations = '{}', propertySourceProperties = '{org.springframework.boot.test.context.SpringBootTestContextBootstrapper=true}', contextCustomizers = set[org.springframework.boot.test.autoconfigure.properties.PropertyMappingContextCustomizer@e7e8512, org.springframework.boot.test.autoconfigure.web.servlet.WebDriverContextCustomizerFactory$Customizer@e044ea5a, [ImportsContextCustomizer@292444a0 key = [org.springframework.boot.test.autoconfigure.web.servlet.MockMvcAutoConfiguration, org.springframework.boot.test.autoconfigure.web.servlet.MockMvcSecurityAutoConfiguration, org.springframework.boot.test.autoconfigure.web.servlet.MockMvcWebClientAutoConfiguration, org.springframework.boot.test.autoconfigure.web.servlet.MockMvcWebDriverAutoConfiguration]], org.springframework.boot.test.context.filter.ExcludeFilterContextCustomizer@227d3ab, org.springframework.boot.test.json.DuplicateJsonObjectContextCustomizerFactory$DuplicateJsonObjectContextCustomizer@389e02db, org.springframework.boot.test.mock.mockito.MockitoContextCustomizer@0, org.springframework.boot.test.web.client.TestRestTemplateContextCustomizer@b2910056], resourceBasePath = 'src/main/webapp', contextLoader = 'org.springframework.boot.test.context.SpringBootContextLoader', parent = [null]], attributes = map['org.springframework.test.context.web.ServletTestExecutionListener.activateListener' -> true]], class annotated with @DirtiesContext [false] with mode [null].
11:27:03.130 [Test worker] DEBUG org.springframework.test.annotation.ProfileValueUtils - Retrieved @ProfileValueSourceConfiguration [null] for test class [hello.AppTest]
11:27:03.130 [Test worker] DEBUG org.springframework.test.annotation.ProfileValueUtils - Retrieved ProfileValueSource type [class org.springframework.test.annotation.SystemProfileValueSource] for class [hello.AppTest]
11:27:03.158 [Test worker] DEBUG org.springframework.core.env.StandardEnvironment - Adding PropertySource 'systemProperties' with lowest search precedence
11:27:03.158 [Test worker] DEBUG org.springframework.core.env.StandardEnvironment - Adding PropertySource 'systemEnvironment' with lowest search precedence
11:27:03.161 [Test worker] DEBUG org.springframework.core.env.StandardEnvironment - Initialized StandardEnvironment with PropertySources [MapPropertySource@-586614042 {name='systemProperties', properties={java.runtime.name=OpenJDK Runtime Environment, ibm.signalhandling.rs=false, sun.boot.library.path=/Users/thn05/.sdkman/candidates/java/8.0.222.j9-adpt/jre/lib/compressedrefs:/Users/thn05/.sdkman/candidates/java/8.0.222.j9-adpt/jre/lib, java.vm.version=openj9-0.15.1, com.ibm.oti.configuration=scar, java.vm.vendor=Eclipse OpenJ9, java.vendor.url=http://www.eclipse.org/openj9, path.separator=:, java.vm.name=Eclipse OpenJ9 VM, file.encoding.pkg=sun.io, sun.java.launcher=SUN_STANDARD, user.country=US, user.dir=/Users/thn05/Desktop/projects/gradle-playground/gradle-spring-boot-project, java.vm.specification.name=Java Virtual Machine Specification, java.runtime.version=1.8.0_222-b10, jdk.extensions.name=Extensions for OpenJDK for Eclipse OpenJ9, java.fullversion=1.8.0_222-b10
JRE 1.8.0 Mac OS X amd64-64-Bit Compressed References 20190717_298 (JIT enabled, AOT enabled)
OpenJ9   - 0f66c6431
OMR      - ec782f26
JCL      - f147086df1 based on jdk8u222-b10, java.awt.graphicsenv=sun.awt.CGraphicsEnvironment, java.endorsed.dirs=/Users/thn05/.sdkman/candidates/java/8.0.222.j9-adpt/jre/lib/endorsed, os.arch=x86_64, com.ibm.vm.bitmode=64, java.io.tmpdir=/var/folders/4t/l054d6m51rn67ngznvjj50vc0000gs/T/, line.separator=
, com.ibm.system.agent.path=/Users/thn05/.sdkman/candidates/java/8.0.222.j9-adpt/jre/lib, com.ibm.util.extralibs.properties=, java.vm.specification.vendor=Oracle Corporation, user.variant=, os.name=Mac OS X, sun.jnu.encoding=UTF-8, java.library.path=/Users/thn05/.sdkman/candidates/java/8.0.222.j9-adpt/jre/lib/compressedrefs:/Users/thn05/.sdkman/candidates/java/8.0.222.j9-adpt/jre/lib:/usr/lib, com.ibm.oti.vm.bootstrap.library.path=/Users/thn05/.sdkman/candidates/java/8.0.222.j9-adpt/jre/lib/compressedrefs:/Users/thn05/.sdkman/candidates/java/8.0.222.j9-adpt/jre/lib, com.ibm.cpu.endian=little, java.specification.name=Java Platform API Specification, java.class.version=52.0, org.gradle.native=false, ibm.system.encoding=UTF-8, os.version=10.13.6, com.ibm.oti.vm.library.version=29, com.ibm.jcl.checkClassPath=, user.home=/Users/thn05, user.timezone=America/Denver, java.awt.printerjob=sun.lwawt.macosx.CPrinterJob, file.encoding=UTF-8, java.specification.version=1.8, user.name=thn05, java.class.path=/Users/thn05/Desktop/projects/gradle-playground/gradle-spring-boot-project/build/classes/java/test:/Users/thn05/Desktop/projects/gradle-playground/gradle-spring-boot-project/build/resources/test:/Users/thn05/Desktop/projects/gradle-playground/gradle-spring-boot-project/build/classes/java/main:/Users/thn05/Desktop/projects/gradle-playground/gradle-spring-boot-project/build/resources/main:/Users/thn05/.gradle/caches/modules-2/files-2.1/com.google.guava/guava/28.1-jre/b0e91dcb6a44ffb6221b5027e12a5cb34b841145/guava-28.1-jre.jar:/Users/thn05/.gradle/caches/modules-2/files-2.1/org.springframework.boot/spring-boot-starter-web/2.0.5.RELEASE/52daa1f1509bd637a737206e54c06a17aabb9504/spring-boot-starter-web-2.0.5.RELEASE.jar:/Users/thn05/.gradle/caches/modules-2/files-2.1/org.springframework.boot/spring-boot-starter-test/2.0.5.RELEASE/ab04ca2e76f6a8e786001352a81a10e4b0e7fbc8/spring-boot-starter-test-2.0.5.RELEASE.jar:/Users/thn05/.gradle/caches/modules-2/files-2.1/junit/junit/4.12/2973d150c0dc1fefe998f834810d68f278ea58ec/junit-4.12.jar:/Users/thn05/.gradle/caches/modules-2/files-2.1/com.google.guava/failureaccess/1.0.1/1dcf1de382a0bf95a3d8b0849546c88bac1292c9/failureaccess-1.0.1.jar:/Users/thn05/.gradle/caches/modules-2/files-2.1/com.google.guava/listenablefuture/9999.0-empty-to-avoid-conflict-with-guava/b421526c5f297295adef1c886e5246c39d4ac629/listenablefuture-9999.0-empty-to-avoid-conflict-with-guava.jar:/Users/thn05/.gradle/caches/modules-2/files-2.1/com.google.code.findbugs/jsr305/3.0.2/25ea2e8b0c338a877313bd4672d3fe056ea78f0d/jsr305-3.0.2.jar:/Users/thn05/.gradle/caches/modules-2/files-2.1/org.checkerframework/checker-qual/2.8.1/eb2e8ab75598548cc8acf9a1ca227e480e01881e/checker-qual-2.8.1.jar:/Users/thn05/.gradle/caches/modules-2/files-2.1/com.google.errorprone/error_prone_annotations/2.3.2/d1a0c5032570e0f64be6b4d9c90cdeb103129029/error_prone_annotations-2.3.2.jar:/Users/thn05/.gradle/caches/modules-2/files-2.1/com.google.j2objc/j2objc-annotations/1.3/ba035118bc8bac37d7eff77700720999acd9986d/j2objc-annotations-1.3.jar:/Users/thn05/.gradle/caches/modules-2/files-2.1/org.codehaus.mojo/animal-sniffer-annotations/1.18/f7aa683ea79dc6681ee9fb95756c999acbb62f5d/animal-sniffer-annotations-1.18.jar:/Users/thn05/.gradle/caches/modules-2/files-2.1/org.springframework.boot/spring-boot-starter-json/2.0.5.RELEASE/d0052ded4733ceb1fb7d927238f22f9a92099227/spring-boot-starter-json-2.0.5.RELEASE.jar:/Users/thn05/.gradle/caches/modules-2/files-2.1/org.springframework.boot/spring-boot-starter/2.0.5.RELEASE/1f53487a373be18d064a5815e9bac9882ef15cdc/spring-boot-starter-2.0.5.RELEASE.jar:/Users/thn05/.gradle/caches/modules-2/files-2.1/org.springframework.boot/spring-boot-starter-tomcat/2.0.5.RELEASE/eaac8a5d73b45400bc88cd7f6b5c99b5f0d5e9b7/spring-boot-starter-tomcat-2.0.5.RELEASE.jar:/Users/thn05/.gradle/caches/modules-2/files-2.1/org.hibernate.validator/hibernate-validator/6.0.12.Final/478003e61b056c1f97840ba3e62ff31cdc89597/hibernate-validator-6.0.12.Final.jar:/Users/thn05/.gradle/caches/modules-2/files-2.1/org.springframework/spring-webmvc/5.0.9.RELEASE/c18346caaeb8dc648c4cc01874996fd9fef76664/spring-webmvc-5.0.9.RELEASE.jar:/Users/thn05/.gradle/caches/modules-2/files-2.1/org.springframework/spring-web/5.0.9.RELEASE/1ea3aab93340849313fa74ec626ddaf1fff9ed8e/spring-web-5.0.9.RELEASE.jar:/Users/thn05/.gradle/caches/modules-2/files-2.1/org.hamcrest/hamcrest-library/1.3/4785a3c21320980282f9f33d0d1264a69040538f/hamcrest-library-1.3.jar:/Users/thn05/.gradle/caches/modules-2/files-2.1/org.hamcrest/hamcrest-core/1.3/42a25dc3219429f0e5d060061f71acb49bf010a0/hamcrest-core-1.3.jar:/Users/thn05/.gradle/caches/modules-2/files-2.1/org.springframework.boot/spring-boot-test-autoconfigure/2.0.5.RELEASE/54d5e8f9e88c6236fe164474f0aed5a8a1052c43/spring-boot-test-autoconfigure-2.0.5.RELEASE.jar:/Users/thn05/.gradle/caches/modules-2/files-2.1/org.springframework.boot/spring-boot-test/2.0.5.RELEASE/ce6353f33217982357a6bdba6576015ea333304c/spring-boot-test-2.0.5.RELEASE.jar:/Users/thn05/.gradle/caches/modules-2/files-2.1/com.jayway.jsonpath/json-path/2.4.0/765a4401ceb2dc8d40553c2075eb80a8fa35c2ae/json-path-2.4.0.jar:/Users/thn05/.gradle/caches/modules-2/files-2.1/org.assertj/assertj-core/3.9.1/c5ce126b15f28d56cd8f960c1a6a058b9c9aea87/assertj-core-3.9.1.jar:/Users/thn05/.gradle/caches/modules-2/files-2.1/org.mockito/mockito-core/2.15.0/b84bfbbc29cd22c9529409627af6ea2897f4fa85/mockito-core-2.15.0.jar:/Users/thn05/.gradle/caches/modules-2/files-2.1/org.skyscreamer/jsonassert/1.5.0/6c9d5fe2f59da598d9aefc1cfc6528ff3cf32df3/jsonassert-1.5.0.jar:/Users/thn05/.gradle/caches/modules-2/files-2.1/org.springframework/spring-test/5.0.9.RELEASE/218c8648f898453be92d550252e0ce2a84b54375/spring-test-5.0.9.RELEASE.jar:/Users/thn05/.gradle/caches/modules-2/files-2.1/org.springframework.boot/spring-boot-autoconfigure/2.0.5.RELEASE/e5588642799e0c0c04638e255c3d3f31ba400ff4/spring-boot-autoconfigure-2.0.5.RELEASE.jar:/Users/thn05/.gradle/caches/modules-2/files-2.1/org.springframework.boot/spring-boot/2.0.5.RELEASE/19a4624cbd89a318d10c79f289c6c816043850fb/spring-boot-2.0.5.RELEASE.jar:/Users/thn05/.gradle/caches/modules-2/files-2.1/org.springframework/spring-context/5.0.9.RELEASE/2501e55acb6c2e84667cda3f845d1d00a0dc4e05/spring-context-5.0.9.RELEASE.jar:/Users/thn05/.gradle/caches/modules-2/files-2.1/org.springframework/spring-aop/5.0.9.RELEASE/98003b099697fe46b6bdf18c7e3f66d7a1381060/spring-aop-5.0.9.RELEASE.jar:/Users/thn05/.gradle/caches/modules-2/files-2.1/org.springframework/spring-beans/5.0.9.RELEASE/65f56fdab1bb90ad059e314d2f2f4cf76f9bdbde/spring-beans-5.0.9.RELEASE.jar:/Users/thn05/.gradle/caches/modules-2/files-2.1/org.springframework/spring-expression/5.0.9.RELEASE/1f9db5ff3a758102c0434cc3457aa47c50c39a4a/spring-expression-5.0.9.RELEASE.jar:/Users/thn05/.gradle/caches/modules-2/files-2.1/org.springframework/spring-core/5.0.9.RELEASE/9f9a828936d81afd49a603bda9cc1aed863a0d85/spring-core-5.0.9.RELEASE.jar:/Users/thn05/.gradle/caches/modules-2/files-2.1/org.xmlunit/xmlunit-core/2.5.1/4ffdb346572a7356f7521cd3119ce5287d2e339d/xmlunit-core-2.5.1.jar:/Users/thn05/.gradle/caches/modules-2/files-2.1/org.springframework.boot/spring-boot-starter-logging/2.0.5.RELEASE/c353e0b9591d0765c687ff0a678478cbebfd5c23/spring-boot-starter-logging-2.0.5.RELEASE.jar:/Users/thn05/.gradle/caches/modules-2/files-2.1/javax.annotation/javax.annotation-api/1.3.2/934c04d3cfef185a8008e7bf34331b79730a9d43/javax.annotation-api-1.3.2.jar:/Users/thn05/.gradle/caches/modules-2/files-2.1/org.yaml/snakeyaml/1.19/2d998d3d674b172a588e54ab619854d073f555b5/snakeyaml-1.19.jar:/Users/thn05/.gradle/caches/modules-2/files-2.1/com.fasterxml.jackson.datatype/jackson-datatype-jdk8/2.9.6/456895fc91bf7180b216fead220373e6278230c9/jackson-datatype-jdk8-2.9.6.jar:/Users/thn05/.gradle/caches/modules-2/files-2.1/com.fasterxml.jackson.datatype/jackson-datatype-jsr310/2.9.6/ea54f6193d224e5e5732bbd4262327eb465397c2/jackson-datatype-jsr310-2.9.6.jar:/Users/thn05/.gradle/caches/modules-2/files-2.1/com.fasterxml.jackson.module/jackson-module-parameter-names/2.9.6/129acd77a4b6ee30d62d3a0899b1344c8ec2bff8/jackson-module-parameter-names-2.9.6.jar:/Users/thn05/.gradle/caches/modules-2/files-2.1/com.fasterxml.jackson.core/jackson-databind/2.9.6/cfa4f316351a91bfd95cb0644c6a2c95f52db1fc/jackson-databind-2.9.6.jar:/Users/thn05/.gradle/caches/modules-2/files-2.1/org.apache.tomcat.embed/tomcat-embed-websocket/8.5.34/5f86906367c2540b21e6aeecc277d2ce9ec939b0/tomcat-embed-websocket-8.5.34.jar:/Users/thn05/.gradle/caches/modules-2/files-2.1/org.apache.tomcat.embed/tomcat-embed-core/8.5.34/a038040d68a90397f95dd1e11b979fe364a5000f/tomcat-embed-core-8.5.34.jar:/Users/thn05/.gradle/caches/modules-2/files-2.1/org.apache.tomcat.embed/tomcat-embed-el/8.5.34/be71a9a5bdd001db7cf97c47429eec0bdd3b7b88/tomcat-embed-el-8.5.34.jar:/Users/thn05/.gradle/caches/modules-2/files-2.1/javax.validation/validation-api/2.0.1.Final/cb855558e6271b1b32e716d24cb85c7f583ce09e/validation-api-2.0.1.Final.jar:/Users/thn05/.gradle/caches/modules-2/files-2.1/org.jboss.logging/jboss-logging/3.3.2.Final/3789d00e859632e6c6206adc0c71625559e6e3b0/jboss-logging-3.3.2.Final.jar:/Users/thn05/.gradle/caches/modules-2/files-2.1/com.fasterxml/classmate/1.3.4/3d5f48f10bbe4eb7bd862f10c0583be2e0053c6/classmate-1.3.4.jar:/Users/thn05/.gradle/caches/modules-2/files-2.1/net.minidev/json-smart/2.3/7396407491352ce4fa30de92efb158adb76b5b/json-smart-2.3.jar:/Users/thn05/.gradle/caches/modules-2/files-2.1/ch.qos.logback/logback-classic/1.2.3/7c4f3c474fb2c041d8028740440937705ebb473a/logback-classic-1.2.3.jar:/Users/thn05/.gradle/caches/modules-2/files-2.1/org.apache.logging.log4j/log4j-to-slf4j/2.10.0/f7e631ccf49cfc0aefa4a2a728da7d374c05bd3c/log4j-to-slf4j-2.10.0.jar:/Users/thn05/.gradle/caches/modules-2/files-2.1/org.slf4j/jul-to-slf4j/1.7.25/af5364cd6679bfffb114f0dec8a157aaa283b76/jul-to-slf4j-1.7.25.jar:/Users/thn05/.gradle/caches/modules-2/files-2.1/org.slf4j/slf4j-api/1.7.25/da76ca59f6a57ee3102f8f9bd9cee742973efa8a/slf4j-api-1.7.25.jar:/Users/thn05/.gradle/caches/modules-2/files-2.1/net.bytebuddy/byte-buddy/1.7.11/f02857a4e2c66ccbe7aaad6100a0a6c461bce9b3/byte-buddy-1.7.11.jar:/Users/thn05/.gradle/caches/modules-2/files-2.1/net.bytebuddy/byte-buddy-agent/1.7.11/b425a8933ca07edd03c6dbc8bc3b595fba9780de/byte-buddy-agent-1.7.11.jar:/Users/thn05/.gradle/caches/modules-2/files-2.1/org.objenesis/objenesis/2.6/639033469776fd37c08358c6b92a4761feb2af4b/objenesis-2.6.jar:/Users/thn05/.gradle/caches/modules-2/files-2.1/com.vaadin.external.google/android-json/0.0.20131108.vaadin1/fa26d351fe62a6a17f5cda1287c1c6110dec413f/android-json-0.0.20131108.vaadin1.jar:/Users/thn05/.gradle/caches/modules-2/files-2.1/org.springframework/spring-jcl/5.0.9.RELEASE/bc3b5aaae53f0bc03647e53ecbd98a05b47a4e90/spring-jcl-5.0.9.RELEASE.jar:/Users/thn05/.gradle/caches/modules-2/files-2.1/com.fasterxml.jackson.core/jackson-annotations/2.9.0/7c10d545325e3a6e72e06381afe469fd40eb701/jackson-annotations-2.9.0.jar:/Users/thn05/.gradle/caches/modules-2/files-2.1/com.fasterxml.jackson.core/jackson-core/2.9.6/4e393793c37c77e042ccc7be5a914ae39251b365/jackson-core-2.9.6.jar:/Users/thn05/.gradle/caches/modules-2/files-2.1/net.minidev/accessors-smart/1.2/c592b500269bfde36096641b01238a8350f8aa31/accessors-smart-1.2.jar:/Users/thn05/.gradle/caches/modules-2/files-2.1/ch.qos.logback/logback-core/1.2.3/864344400c3d4d92dfeb0a305dc87d953677c03c/logback-core-1.2.3.jar:/Users/thn05/.gradle/caches/modules-2/files-2.1/org.apache.logging.log4j/log4j-api/2.10.0/fec5797a55b786184a537abd39c3fa1449d752d6/log4j-api-2.10.0.jar:/Users/thn05/.gradle/caches/modules-2/files-2.1/org.ow2.asm/asm/5.0.4/da08b8cce7bbf903602a25a3a163ae252435795/asm-5.0.4.jar, com.ibm.oti.shared.enabled=false, java.vm.specification.version=1.8, sun.arch.data.model=64, sun.java.command=worker.org.gradle.process.internal.worker.GradleWorkerMain 'Gradle Test Executor 2', java.home=/Users/thn05/.sdkman/candidates/java/8.0.222.j9-adpt/jre, ibm.signalhandling.sigint=true, user.language=en, java.specification.vendor=Oracle Corporation, os.encoding=UTF-8, awt.toolkit=sun.lwawt.macosx.LWCToolkit, java.vm.info=JRE 1.8.0 Mac OS X amd64-64-Bit Compressed References 20190717_298 (JIT enabled, AOT enabled)
OpenJ9   - 0f66c6431
OMR      - ec782f26
JCL      - f147086df1 based on jdk8u222-b10, java.version=1.8.0_222, java.ext.dirs=/Users/thn05/.sdkman/candidates/java/8.0.222.j9-adpt/jre/lib/ext, sun.boot.class.path=/Users/thn05/.sdkman/candidates/java/8.0.222.j9-adpt/jre/lib/compressedrefs/jclSC180/vm.jar:/Users/thn05/.sdkman/candidates/java/8.0.222.j9-adpt/jre/lib/se-service.jar:/Users/thn05/.sdkman/candidates/java/8.0.222.j9-adpt/jre/lib/rt.jar:/Users/thn05/.sdkman/candidates/java/8.0.222.j9-adpt/jre/lib/resources.jar:/Users/thn05/.sdkman/candidates/java/8.0.222.j9-adpt/jre/lib/jsse.jar:/Users/thn05/.sdkman/candidates/java/8.0.222.j9-adpt/jre/lib/charsets.jar:/Users/thn05/.sdkman/candidates/java/8.0.222.j9-adpt/jre/lib/jce.jar, java.vendor=Eclipse OpenJ9, org.gradle.test.worker=2, jdk.extensions.version=8.0.222.0, file.separator=/, java.compiler=j9jit29, sun.cpu.endian=little, sun.io.unicode.encoding=UnicodeLittle, ibm.signalhandling.sigchain=true, com.ibm.zero.version=2}}, SystemEnvironmentPropertySource@1693325756 {name='systemEnvironment', properties={PATH=/Users/thn05/.sdkman/candidates/jbake/current/bin:/Users/thn05/.sdkman/candidates/java/current/bin:/usr/local/opt/tomcat@8/bin:/usr/local/sbin:/usr/bin:/bin:/usr/sbin:/sbin:/Users/thn05/.fzf/bin:/usr/local/opt/payara/libexec/glassfish/bin:/Users/thn05/Desktop/projects/nand2tetris/nand2tetris/tools:/Users/thn05/Desktop/projects/golang-playground-tn/bin, SDKMAN_VERSION=5.7.4+362, JAVA_HOME=/Users/thn05/.sdkman/candidates/java/current, TERM=xterm-256color, GLASSFISH_HOME=/usr/local/opt/payara/libexec/glassfish, DISPLAY=/private/tmp/com.apple.launchd.diiL46PSBs/org.macosforge.xquartz:0, APP_ICON_26692=/Users/thn05/Desktop/projects/gradle-playground/gradle-spring-boot-project/media/gradle.icns, SDKMAN_DIR=/Users/thn05/.sdkman, LOGNAME=thn05, ECLIPSE_HOME=/Applications/SpringToolSuite4.app/Contents/Eclipse, XPC_SERVICE_NAME=0, PWD=/Users/thn05/Desktop/projects/gradle-playground/gradle-spring-boot-project, APP_ICON_24874=../Resources/sts4.icns, SDKMAN_CANDIDATES_DIR=/Users/thn05/.sdkman/candidates, JBAKE_HOME=/Users/thn05/.sdkman/candidates/jbake/current, SHELL=/bin/zsh, MYSQL_PW=root, PAGER=less, LSCOLORS=Gxfxcxdxbxegedabagacad, SDKMAN_CANDIDATES_API=https://api.sdkman.io/2, ECLIPSE_WORKSPACE=/Users/thn05/Desktop/projects/gradle-playground, JAVA_MAIN_CLASS_26692=org.gradle.wrapper.GradleWrapperMain, SDKMAN_PLATFORM=Darwin, GOPATH=/Users/thn05/Desktop/projects/golang-playground-tn, OLDPWD=/Users/thn05/Desktop/projects/gradle-playground/gradle-spring-boot-project, USER=thn05, GOROOT=/Users/thn05/Desktop/projects/golang-playground-tn, ZSH=/Users/thn05/.oh-my-zsh, TMPDIR=/var/folders/4t/l054d6m51rn67ngznvjj50vc0000gs/T/, SSH_AUTH_SOCK=/private/tmp/com.apple.launchd.k8FpAvMx5W/Listeners, XPC_FLAGS=0x0, APP_NAME_26692=Gradle, __CF_USER_TEXT_ENCODING=0x1F9:0x0:0x0, JAVA_MAIN_CLASS_26705=worker.org.gradle.process.internal.worker.GradleWorkerMain, Apple_PubSub_Socket_Render=/private/tmp/com.apple.launchd.mQpNNFoUjq/Render, LESS=-R, LC_CTYPE=, APP_ICON_26525=../Resources/sts4.icns, HOME=/Users/thn05, SHLVL=1}}]
11:27:03.167 [Test worker] DEBUG org.springframework.test.context.support.TestPropertySourceUtils - Adding inlined properties to environment: {spring.jmx.enabled=false, org.springframework.boot.test.context.SpringBootTestContextBootstrapper=true, server.port=-1}
11:27:03.168 [Test worker] DEBUG org.springframework.core.env.StandardEnvironment - Adding PropertySource 'Inlined Test Properties' with highest search precedence

  .   ____          _            __ _ _
 /\\ / ___'_ __ _ _(_)_ __  __ _ \ \ \ \
( ( )\___ | '_ | '_| | '_ \/ _` | \ \ \ \
 \\/  ___)| |_)| | | | | || (_| |  ) ) ) )
  '  |____| .__|_| |_|_| |_\__, | / / / /
 =========|_|==============|___/=/_/_/_/
 :: Spring Boot ::        (v2.0.5.RELEASE)

2020-03-07 11:27:03.478  INFO 26705 --- [    Test worker] hello.AppTest                            : Starting AppTest on MBP with PID 26705 (started by thn05 in /Users/thn05/Desktop/projects/gradle-playground/gradle-spring-boot-project)
2020-03-07 11:27:03.482  INFO 26705 --- [    Test worker] hello.AppTest                            : No active profile set, falling back to default profiles: default
2020-03-07 11:27:03.525  INFO 26705 --- [    Test worker] o.s.w.c.s.GenericWebApplicationContext   : Refreshing org.springframework.web.context.support.GenericWebApplicationContext@b9cad326: startup date [Sat Mar 07 11:27:03 MST 2020]; root of context hierarchy
2020-03-07 11:27:05.036  INFO 26705 --- [    Test worker] o.s.w.s.handler.SimpleUrlHandlerMapping  : Mapped URL path [/**/favicon.ico] onto handler of type [class org.springframework.web.servlet.resource.ResourceHttpRequestHandler]
2020-03-07 11:27:05.236  INFO 26705 --- [    Test worker] s.w.s.m.m.a.RequestMappingHandlerAdapter : Looking for @ControllerAdvice: org.springframework.web.context.support.GenericWebApplicationContext@b9cad326: startup date [Sat Mar 07 11:27:03 MST 2020]; root of context hierarchy
2020-03-07 11:27:05.294  INFO 26705 --- [    Test worker] s.w.s.m.m.a.RequestMappingHandlerMapping : Mapped "{[],methods=[GET]}" onto public java.lang.String hello.HelloGradleController.helloGradle()
2020-03-07 11:27:05.299  INFO 26705 --- [    Test worker] s.w.s.m.m.a.RequestMappingHandlerMapping : Mapped "{[/error],produces=[text/html]}" onto public org.springframework.web.servlet.ModelAndView org.springframework.boot.autoconfigure.web.servlet.error.BasicErrorController.errorHtml(javax.servlet.http.HttpServletRequest,javax.servlet.http.HttpServletResponse)
2020-03-07 11:27:05.300  INFO 26705 --- [    Test worker] s.w.s.m.m.a.RequestMappingHandlerMapping : Mapped "{[/error]}" onto public org.springframework.http.ResponseEntity<java.util.Map<java.lang.String, java.lang.Object>> org.springframework.boot.autoconfigure.web.servlet.error.BasicErrorController.error(javax.servlet.http.HttpServletRequest)
2020-03-07 11:27:05.317  INFO 26705 --- [    Test worker] o.s.w.s.h.BeanNameUrlHandlerMapping      : Root mapping to handler '/'
2020-03-07 11:27:05.324  INFO 26705 --- [    Test worker] o.s.w.s.handler.SimpleUrlHandlerMapping  : Mapped URL path [/webjars/**] onto handler of type [class org.springframework.web.servlet.resource.ResourceHttpRequestHandler]
2020-03-07 11:27:05.324  INFO 26705 --- [    Test worker] o.s.w.s.handler.SimpleUrlHandlerMapping  : Mapped URL path [/**] onto handler of type [class org.springframework.web.servlet.resource.ResourceHttpRequestHandler]
2020-03-07 11:27:05.474  INFO 26705 --- [    Test worker] o.s.b.t.m.w.SpringBootMockServletContext : Initializing Spring FrameworkServlet ''
2020-03-07 11:27:05.474  INFO 26705 --- [    Test worker] o.s.t.web.servlet.TestDispatcherServlet  : FrameworkServlet '': initialization started
2020-03-07 11:27:05.484  INFO 26705 --- [    Test worker] o.s.t.web.servlet.TestDispatcherServlet  : FrameworkServlet '': initialization completed in 10 ms
2020-03-07 11:27:05.538  INFO 26705 --- [    Test worker] hello.AppTest                            : Started AppTest in 2.362 seconds (JVM running for 3.413)
]]></system-out>
  <system-err><![CDATA[]]></system-err>
</testsuite>
